c:\users\aa\desktop\guiengine_withminesweeper\guiengine\debug\vc120.pdb
c:\users\aa\desktop\guiengine_withminesweeper\guiengine\debug\vc120.idb
c:\users\aa\desktop\guiengine_withminesweeper\guiengine\debug\main.nativecodeanalysis.xml
c:\users\aa\desktop\guiengine_withminesweeper\guiengine\debug\main.obj
c:\users\aa\desktop\guiengine_withminesweeper\debug\guiengine.ilk
c:\users\aa\desktop\guiengine_withminesweeper\debug\guiengine.exe
c:\users\aa\desktop\guiengine_withminesweeper\debug\guiengine.pdb
c:\users\aa\desktop\guiengine_withminesweeper\guiengine\debug\guiengine.res
c:\users\aa\desktop\guiengine_withminesweeper\guiengine\debug\nativecodeanalysis.read.1.tlog
c:\users\aa\desktop\guiengine_withminesweeper\guiengine\debug\vc.nativecodeanalysis.all.xml
c:\users\aa\desktop\guiengine_withminesweeper\debug\guiengine.exe.lastcodeanalysissucceeded
c:\users\aa\desktop\guiengine_withminesweeper\guiengine\debug\guiengine.tlog\cl.command.1.tlog
c:\users\aa\desktop\guiengine_withminesweeper\guiengine\debug\guiengine.tlog\cl.read.1.tlog
c:\users\aa\desktop\guiengine_withminesweeper\guiengine\debug\guiengine.tlog\cl.write.1.tlog
c:\users\aa\desktop\guiengine_withminesweeper\guiengine\debug\guiengine.tlog\link.command.1.tlog
c:\users\aa\desktop\guiengine_withminesweeper\guiengine\debug\guiengine.tlog\link.read.1.tlog
c:\users\aa\desktop\guiengine_withminesweeper\guiengine\debug\guiengine.tlog\link.write.1.tlog
c:\users\aa\desktop\guiengine_withminesweeper\guiengine\debug\guiengine.tlog\rc.command.1.tlog
c:\users\aa\desktop\guiengine_withminesweeper\guiengine\debug\guiengine.tlog\rc.read.1.tlog
c:\users\aa\desktop\guiengine_withminesweeper\guiengine\debug\guiengine.tlog\rc.write.1.tlog
